{"name": "Test ingredient details modal", "status": "broken", "statusDetails": {"message": "selenium.common.exceptions.TimeoutException: Message: Can't find element by locator ('class name', 'ingredient-item')\nStacktrace:\nRemoteError@chrome://remote/content/shared/RemoteError.sys.mjs:8:8\nWebDriverError@chrome://remote/content/shared/webdriver/Errors.sys.mjs:197:5\nNoSuchElementError@chrome://remote/content/shared/webdriver/Errors.sys.mjs:527:5\ndom.find/</<@chrome://remote/content/shared/DOM.sys.mjs:136:16", "trace": "self = <Diplom_3.tests.test_main_functionality.TestMainFunctionality object at 0x0000024561CE69E0>\ndriver = <selenium.webdriver.firefox.webdriver.WebDriver (session=\"94b0cc68-8598-4b27-8413-0d7390b21969\")>\n\n    @allure.title('Test ingredient details modal')\n    def test_ingredient_details(self, driver):\n        main_page = MainPage(driver)\n        main_page.open()\n>       main_page.click_ingredient()\n\ntests\\test_main_functionality.py:33: \n_ _ _ _ _ _ _ _ _ _ _ _ _ _ _ _ _ _ _ _ _ _ _ _ _ _ _ _ _ _ _ _ _ _ _ _ _ _ _ _ _ _ _ _ _ _ _ _ _ _ _\npages\\main_page.py:15: in click_ingredient\n    self.click_element(MainPageLocators.INGREDIENT)\npages\\base_page.py:26: in click_element\n    element = self.find_element(locator)\npages\\base_page.py:16: in find_element\n    return WebDriverWait(self.driver, timeout).until(\n_ _ _ _ _ _ _ _ _ _ _ _ _ _ _ _ _ _ _ _ _ _ _ _ _ _ _ _ _ _ _ _ _ _ _ _ _ _ _ _ _ _ _ _ _ _ _ _ _ _ _\n\nself = <selenium.webdriver.support.wait.WebDriverWait (session=\"94b0cc68-8598-4b27-8413-0d7390b21969\")>\nmethod = <function presence_of_element_located.<locals>._predicate at 0x0000024561F0BCE0>\nmessage = \"Can't find element by locator ('class name', 'ingredient-item')\"\n\n    def until(self, method: Callable[[D], Union[Literal[False], T]], message: str = \"\") -> T:\n        \"\"\"Calls the method provided with the driver as an argument until the \\\n        return value does not evaluate to ``False``.\n    \n        :param method: callable(WebDriver)\n        :param message: optional message for :exc:`TimeoutException`\n        :returns: the result of the last call to `method`\n        :raises: :exc:`selenium.common.exceptions.TimeoutException` if timeout occurs\n        \"\"\"\n        screen = None\n        stacktrace = None\n    \n        end_time = time.monotonic() + self._timeout\n        while True:\n            try:\n                value = method(self._driver)\n                if value:\n                    return value\n            except self._ignored_exceptions as exc:\n                screen = getattr(exc, \"screen\", None)\n                stacktrace = getattr(exc, \"stacktrace\", None)\n            time.sleep(self._poll)\n            if time.monotonic() > end_time:\n                break\n>       raise TimeoutException(message, screen, stacktrace)\nE       selenium.common.exceptions.TimeoutException: Message: Can't find element by locator ('class name', 'ingredient-item')\nE       Stacktrace:\nE       RemoteError@chrome://remote/content/shared/RemoteError.sys.mjs:8:8\nE       WebDriverError@chrome://remote/content/shared/webdriver/Errors.sys.mjs:197:5\nE       NoSuchElementError@chrome://remote/content/shared/webdriver/Errors.sys.mjs:527:5\nE       dom.find/</<@chrome://remote/content/shared/DOM.sys.mjs:136:16\n\nvenv\\Lib\\site-packages\\selenium\\webdriver\\support\\wait.py:105: TimeoutException"}, "start": 1742759476595, "stop": 1742759497058, "uuid": "7ea42712-6284-4c41-b627-a9e91f0bec20", "historyId": "44734554d9c654cead834c6b01e9864e", "testCaseId": "44734554d9c654cead834c6b01e9864e", "fullName": "tests.test_main_functionality.TestMainFunctionality#test_ingredient_details", "labels": [{"name": "feature", "value": "Main Functionality"}, {"name": "parentSuite", "value": "tests"}, {"name": "suite", "value": "test_main_functionality"}, {"name": "subSuite", "value": "TestMainFunctionality"}, {"name": "host", "value": "LAPTOP-QVE1U26H"}, {"name": "thread", "value": "6344-MainThread"}, {"name": "framework", "value": "pytest"}, {"name": "language", "value": "cpython3"}, {"name": "package", "value": "tests.test_main_functionality"}]}