{"name": "Test navigation to constructor", "status": "failed", "statusDetails": {"message": "AssertionError: assert 'constructor' in 'https://stellarburgers.nomoreparties.site/'\n +  where 'https://stellarburgers.nomoreparties.site/' = <selenium.webdriver.firefox.webdriver.WebDriver (session=\"a30cb495-c8a7-4646-a262-b48366e1675a\")>.current_url", "trace": "self = <Diplom_3.tests.test_main_functionality.TestMainFunctionality object at 0x0000024561D6AE90>\ndriver = <selenium.webdriver.firefox.webdriver.WebDriver (session=\"a30cb495-c8a7-4646-a262-b48366e1675a\")>\n\n    @allure.title('Test navigation to constructor')\n    def test_navigate_to_constructor(self, driver):\n        main_page = MainPage(driver)\n        main_page.open()\n        main_page.click_constructor()\n>       assert 'constructor' in driver.current_url\nE       assert 'constructor' in 'https://stellarburgers.nomoreparties.site/'\nE        +  where 'https://stellarburgers.nomoreparties.site/' = <selenium.webdriver.firefox.webdriver.WebDriver (session=\"a30cb495-c8a7-4646-a262-b48366e1675a\")>.current_url\n\ntests\\test_main_functionality.py:20: AssertionError"}, "start": 1742759426839, "stop": 1742759437193, "uuid": "1bf5b072-bd56-4cdc-8991-d460c9aabe26", "historyId": "39c413c5e439fd2512f86b7ff1ba03cd", "testCaseId": "39c413c5e439fd2512f86b7ff1ba03cd", "fullName": "tests.test_main_functionality.TestMainFunctionality#test_navigate_to_constructor", "labels": [{"name": "feature", "value": "Main Functionality"}, {"name": "parentSuite", "value": "tests"}, {"name": "suite", "value": "test_main_functionality"}, {"name": "subSuite", "value": "TestMainFunctionality"}, {"name": "host", "value": "LAPTOP-QVE1U26H"}, {"name": "thread", "value": "6344-MainThread"}, {"name": "framework", "value": "pytest"}, {"name": "language", "value": "cpython3"}, {"name": "package", "value": "tests.test_main_functionality"}]}